Determining if the pthread_create exist failed with the following output:
Change Dir: /home/dcamachog1501/Induced_Desktop/RAID_5/cmake-build-debug/CMakeFiles/CMakeTmp

Run Build Command(s):/usr/bin/make cmTC_05ecd/fast 
/usr/bin/make -f CMakeFiles/cmTC_05ecd.dir/build.make CMakeFiles/cmTC_05ecd.dir/build
make[1]: se entra en el directorio '/home/dcamachog1501/Induced_Desktop/RAID_5/cmake-build-debug/CMakeFiles/CMakeTmp'
Building C object CMakeFiles/cmTC_05ecd.dir/CheckSymbolExists.c.o
/usr/bin/cc    -o CMakeFiles/cmTC_05ecd.dir/CheckSymbolExists.c.o   -c /home/dcamachog1501/Induced_Desktop/RAID_5/cmake-build-debug/CMakeFiles/CMakeTmp/CheckSymbolExists.c
Linking C executable cmTC_05ecd
/snap/clion/73/bin/cmake/linux/bin/cmake -E cmake_link_script CMakeFiles/cmTC_05ecd.dir/link.txt --verbose=1
/usr/bin/cc      CMakeFiles/cmTC_05ecd.dir/CheckSymbolExists.c.o  -o cmTC_05ecd 
CMakeFiles/cmTC_05ecd.dir/CheckSymbolExists.c.o: En la función `main':
CheckSymbolExists.c:(.text+0x1b): referencia a `pthread_create' sin definir
collect2: error: ld returned 1 exit status
CMakeFiles/cmTC_05ecd.dir/build.make:86: recipe for target 'cmTC_05ecd' failed
make[1]: *** [cmTC_05ecd] Error 1
make[1]: se sale del directorio '/home/dcamachog1501/Induced_Desktop/RAID_5/cmake-build-debug/CMakeFiles/CMakeTmp'
Makefile:121: recipe for target 'cmTC_05ecd/fast' failed
make: *** [cmTC_05ecd/fast] Error 2

File /home/dcamachog1501/Induced_Desktop/RAID_5/cmake-build-debug/CMakeFiles/CMakeTmp/CheckSymbolExists.c:
/* */
#include <pthread.h>

int main(int argc, char** argv)
{
  (void)argv;
#ifndef pthread_create
  return ((int*)(&pthread_create))[argc];
#else
  (void)argc;
  return 0;
#endif
}

